<?xml version="1.0" encoding="UTF-8"?>
<testsuite name="a.levchenko.codewar.math.ArraysKataTest" tests="1" skipped="0" failures="0" errors="0" timestamp="2022-11-04T12:52:56" hostname="DESKTOP-7VRCREF" time="0.001">
  <properties/>
  <testcase name="testCountSheepsTest" classname="a.levchenko.codewar.math.ArraysKataTest" time="0.001"/>
  <system-out><![CDATA[]]></system-out>
  <system-err><![CDATA[]]></system-err>
</testsuite>
